<?xml version="1.0" encoding="UTF-8"?>
<testng-results ignored="0" total="1" passed="1" failed="0" skipped="0">
  <reporter-output>
  </reporter-output>
  <suite started-at="2024-04-28T13:43:56 IST" name="Default suite" finished-at="2024-04-28T13:44:15 IST" duration-ms="19683">
    <groups>
    </groups>
    <test started-at="2024-04-28T13:43:56 IST" name="Default test" finished-at="2024-04-28T13:44:15 IST" duration-ms="19683">
      <class name="com.Github.Add_Project_To_Github">
        <test-method signature="Test1()[pri:0, instance:com.Github.Add_Project_To_Github@5b7a5baa]" started-at="2024-04-28T13:43:56 IST" name="Test1" finished-at="2024-04-28T13:44:11 IST" duration-ms="15581" status="PASS">
          <reporter-output>
          </reporter-output>
        </test-method> <!-- Test1 -->
        <test-method is-config="true" signature="Quit()[pri:0, instance:com.Github.Add_Project_To_Github@5b7a5baa]" started-at="2024-04-28T13:44:11 IST" name="Quit" finished-at="2024-04-28T13:44:15 IST" duration-ms="4016" status="PASS">
          <reporter-output>
          </reporter-output>
        </test-method> <!-- Quit -->
      </class> <!-- com.Github.Add_Project_To_Github -->
    </test> <!-- Default test -->
  </suite> <!-- Default suite -->
</testng-results>
